# JRE version: Java(TM) SE Runtime Environment (8.0_291-b10) (build 1.8.0_291-b10)
# Java VM: Java HotSpot(TM) 64-Bit Server VM (25.291-b10 mixed mode windows-amd64 compressed oops)
Heap:
 PSYoungGen      total 158208K, used 158064K [0x00000000ed700000, 0x00000000fa680000, 0x0000000100000000)
  eden space 157184K, 100% used [0x00000000ed700000,0x00000000f7080000,0x00000000f7080000)
  from space 1024K, 85% used [0x00000000f8f00000,0x00000000f8fdc010,0x00000000f9000000)
  to   space 12800K, 45% used [0x00000000f9a00000,0x00000000f9fbee20,0x00000000fa680000)
 ParOldGen       total 68608K, used 45981K [0x00000000c8400000, 0x00000000cc700000, 0x00000000ed700000)
  object space 68608K, 67% used [0x00000000c8400000,0x00000000cb0e75a8,0x00000000cc700000)
 Metaspace       used 64023K, capacity 68109K, committed 68352K, reserved 1107968K
  class space    used 8907K, capacity 9642K, committed 9728K, reserved 1048576K
GC Heap History (10 events):
Event: 681.146 GC heap after
Heap after GC invocations=30 (full 3):
 PSYoungGen      total 190976K, used 4736K [0x00000000ed700000, 0x00000000fc080000, 0x0000000100000000)
  eden space 185856K, 0% used [0x00000000ed700000,0x00000000ed700000,0x00000000f8c80000)
  from space 5120K, 92% used [0x00000000fac80000,0x00000000fb120010,0x00000000fb180000)
  to   space 14336K, 0% used [0x00000000fb280000,0x00000000fb280000,0x00000000fc080000)
 ParOldGen       total 68608K, used 45965K [0x00000000c8400000, 0x00000000cc700000, 0x00000000ed700000)
  object space 68608K, 66% used [0x00000000c8400000,0x00000000cb0e35a8,0x00000000cc700000)
 Metaspace       used 64023K, capacity 68109K, committed 68352K, reserved 1107968K
  class space    used 8907K, capacity 9642K, committed 9728K, reserved 1048576K
}
Event: 719.842 GC heap before
{Heap before GC invocations=31 (full 3):
 PSYoungGen      total 190976K, used 190592K [0x00000000ed700000, 0x00000000fc080000, 0x0000000100000000)
  eden space 185856K, 100% used [0x00000000ed700000,0x00000000f8c80000,0x00000000f8c80000)
  from space 5120K, 92% used [0x00000000fac80000,0x00000000fb120010,0x00000000fb180000)
  to   space 14336K, 0% used [0x00000000fb280000,0x00000000fb280000,0x00000000fc080000)
 ParOldGen       total 68608K, used 45965K [0x00000000c8400000, 0x00000000cc700000, 0x00000000ed700000)
  object space 68608K, 66% used [0x00000000c8400000,0x00000000cb0e35a8,0x00000000cc700000)
 Metaspace       used 64023K, capacity 68109K, committed 68352K, reserved 1107968K
  class space    used 8907K, capacity 9642K, committed 9728K, reserved 1048576K
Event: 719.859 GC heap after
Heap after GC invocations=31 (full 3):
 PSYoungGen      total 183296K, used 4736K [0x00000000ed700000, 0x00000000fb780000, 0x0000000100000000)
  eden space 178176K, 0% used [0x00000000ed700000,0x00000000ed700000,0x00000000f8500000)
  from space 5120K, 92% used [0x00000000fb280000,0x00000000fb720010,0x00000000fb780000)
  to   space 13312K, 0% used [0x00000000f9d80000,0x00000000f9d80000,0x00000000faa80000)
 ParOldGen       total 68608K, used 45965K [0x00000000c8400000, 0x00000000cc700000, 0x00000000ed700000)
  object space 68608K, 66% used [0x00000000c8400000,0x00000000cb0e35a8,0x00000000cc700000)
 Metaspace       used 64023K, capacity 68109K, committed 68352K, reserved 1107968K
  class space    used 8907K, capacity 9642K, committed 9728K, reserved 1048576K
}
Event: 752.885 GC heap before
{Heap before GC invocations=32 (full 3):
 PSYoungGen      total 183296K, used 182912K [0x00000000ed700000, 0x00000000fb780000, 0x0000000100000000)
  eden space 178176K, 100% used [0x00000000ed700000,0x00000000f8500000,0x00000000f8500000)
  from space 5120K, 92% used [0x00000000fb280000,0x00000000fb720010,0x00000000fb780000)
  to   space 13312K, 0% used [0x00000000f9d80000,0x00000000f9d80000,0x00000000faa80000)
 ParOldGen       total 68608K, used 45965K [0x00000000c8400000, 0x00000000cc700000, 0x00000000ed700000)
  object space 68608K, 66% used [0x00000000c8400000,0x00000000cb0e35a8,0x00000000cc700000)
 Metaspace       used 64023K, capacity 68109K, committed 68352K, reserved 1107968K
  class space    used 8907K, capacity 9642K, committed 9728K, reserved 1048576K
Event: 752.892 GC heap after
Heap after GC invocations=32 (full 3):
 PSYoungGen      total 171520K, used 256K [0x00000000ed700000, 0x00000000fb300000, 0x0000000100000000)
  eden space 171008K, 0% used [0x00000000ed700000,0x00000000ed700000,0x00000000f7e00000)
  from space 512K, 50% used [0x00000000f9d80000,0x00000000f9dc0000,0x00000000f9e00000)
  to   space 13312K, 0% used [0x00000000fa600000,0x00000000fa600000,0x00000000fb300000)
 ParOldGen       total 68608K, used 45965K [0x00000000c8400000, 0x00000000cc700000, 0x00000000ed700000)
  object space 68608K, 66% used [0x00000000c8400000,0x00000000cb0e35a8,0x00000000cc700000)
 Metaspace       used 64023K, capacity 68109K, committed 68352K, reserved 1107968K
  class space    used 8907K, capacity 9642K, committed 9728K, reserved 1048576K
}
Event: 786.660 GC heap before
{Heap before GC invocations=33 (full 3):
 PSYoungGen      total 171520K, used 171264K [0x00000000ed700000, 0x00000000fb300000, 0x0000000100000000)
  eden space 171008K, 100% used [0x00000000ed700000,0x00000000f7e00000,0x00000000f7e00000)
  from space 512K, 50% used [0x00000000f9d80000,0x00000000f9dc0000,0x00000000f9e00000)
  to   space 13312K, 0% used [0x00000000fa600000,0x00000000fa600000,0x00000000fb300000)
 ParOldGen       total 68608K, used 45965K [0x00000000c8400000, 0x00000000cc700000, 0x00000000ed700000)
  object space 68608K, 66% used [0x00000000c8400000,0x00000000cb0e35a8,0x00000000cc700000)
 Metaspace       used 64023K, capacity 68109K, committed 68352K, reserved 1107968K
  class space    used 8907K, capacity 9642K, committed 9728K, reserved 1048576K
Event: 786.670 GC heap after
Heap after GC invocations=33 (full 3):
 PSYoungGen      total 165888K, used 1568K [0x00000000ed700000, 0x00000000fa800000, 0x0000000100000000)
  eden space 163840K, 0% used [0x00000000ed700000,0x00000000ed700000,0x00000000f7700000)
  from space 2048K, 76% used [0x00000000fa600000,0x00000000fa788010,0x00000000fa800000)
  to   space 12800K, 0% used [0x00000000f8f00000,0x00000000f8f00000,0x00000000f9b80000)
 ParOldGen       total 68608K, used 45973K [0x00000000c8400000, 0x00000000cc700000, 0x00000000ed700000)
  object space 68608K, 67% used [0x00000000c8400000,0x00000000cb0e55a8,0x00000000cc700000)
 Metaspace       used 64023K, capacity 68109K, committed 68352K, reserved 1107968K
  class space    used 8907K, capacity 9642K, committed 9728K, reserved 1048576K
}
Event: 816.324 GC heap before
{Heap before GC invocations=34 (full 3):
 PSYoungGen      total 165888K, used 165408K [0x00000000ed700000, 0x00000000fa800000, 0x0000000100000000)
  eden space 163840K, 100% used [0x00000000ed700000,0x00000000f7700000,0x00000000f7700000)
  from space 2048K, 76% used [0x00000000fa600000,0x00000000fa788010,0x00000000fa800000)
  to   space 12800K, 0% used [0x00000000f8f00000,0x00000000f8f00000,0x00000000f9b80000)
 ParOldGen       total 68608K, used 45973K [0x00000000c8400000, 0x00000000cc700000, 0x00000000ed700000)
  object space 68608K, 67% used [0x00000000c8400000,0x00000000cb0e55a8,0x00000000cc700000)
 Metaspace       used 64023K, capacity 68109K, committed 68352K, reserved 1107968K
  class space    used 8907K, capacity 9642K, committed 9728K, reserved 1048576K
Event: 816.329 GC heap after
Heap after GC invocations=34 (full 3):
 PSYoungGen      total 158208K, used 880K [0x00000000ed700000, 0x00000000fa680000, 0x0000000100000000)
  eden space 157184K, 0% used [0x00000000ed700000,0x00000000ed700000,0x00000000f7080000)
  from space 1024K, 85% used [0x00000000f8f00000,0x00000000f8fdc010,0x00000000f9000000)
  to   space 12800K, 0% used [0x00000000f9a00000,0x00000000f9a00000,0x00000000fa680000)
 ParOldGen       total 68608K, used 45973K [0x00000000c8400000, 0x00000000cc700000, 0x00000000ed700000)
  object space 68608K, 67% used [0x00000000c8400000,0x00000000cb0e55a8,0x00000000cc700000)
 Metaspace       used 64023K, capacity 68109K, committed 68352K, reserved 1107968K
  class space    used 8907K, capacity 9642K, committed 9728K, reserved 1048576K
}
Event: 844.225 GC heap before
{Heap before GC invocations=35 (full 3):
 PSYoungGen      total 158208K, used 158064K [0x00000000ed700000, 0x00000000fa680000, 0x0000000100000000)
  eden space 157184K, 100% used [0x00000000ed700000,0x00000000f7080000,0x00000000f7080000)
  from space 1024K, 85% used [0x00000000f8f00000,0x00000000f8fdc010,0x00000000f9000000)
  to   space 12800K, 0% used [0x00000000f9a00000,0x00000000f9a00000,0x00000000fa680000)
 ParOldGen       total 68608K, used 45973K [0x00000000c8400000, 0x00000000cc700000, 0x00000000ed700000)
  object space 68608K, 67% used [0x00000000c8400000,0x00000000cb0e55a8,0x00000000cc700000)
 Metaspace       used 64023K, capacity 68109K, committed 68352K, reserved 1107968K
  class space    used 8907K, capacity 9642K, committed 9728K, reserved 1048576K

