# JRE version: Java(TM) SE Runtime Environment (8.0_291-b10) (build 1.8.0_291-b10)
# Java VM: Java HotSpot(TM) 64-Bit Server VM (25.291-b10 mixed mode windows-amd64 compressed oops)
Heap:
 PSYoungGen      total 283136K, used 23872K [0x00000000ed700000, 0x00000000fff80000, 0x0000000100000000)
  eden space 262144K, 5% used [0x00000000ed700000,0x00000000ee3d4070,0x00000000fd700000)
  from space 20992K, 51% used [0x00000000fd700000,0x00000000fe17c100,0x00000000feb80000)
  to   space 20480K, 0% used [0x00000000feb80000,0x00000000feb80000,0x00000000fff80000)
 ParOldGen       total 68608K, used 30689K [0x00000000c8400000, 0x00000000cc700000, 0x00000000ed700000)
  object space 68608K, 44% used [0x00000000c8400000,0x00000000ca1f8470,0x00000000cc700000)
 Metaspace       used 62409K, capacity 66449K, committed 66776K, reserved 1105920K
  class space    used 8742K, capacity 9396K, committed 9472K, reserved 1048576K
GC Heap History (10 events):
Event: 24.527 GC heap before
{Heap before GC invocations=16 (full 3):
 PSYoungGen      total 252416K, used 13820K [0x00000000ed700000, 0x0000000100000000, 0x0000000100000000)
  eden space 238592K, 0% used [0x00000000ed700000,0x00000000ed700000,0x00000000fc000000)
  from space 13824K, 99% used [0x00000000fc000000,0x00000000fcd7f1b0,0x00000000fcd80000)
  to   space 17920K, 0% used [0x00000000fee80000,0x00000000fee80000,0x0000000100000000)
 ParOldGen       total 44544K, used 25115K [0x00000000c8400000, 0x00000000caf80000, 0x00000000ed700000)
  object space 44544K, 56% used [0x00000000c8400000,0x00000000c9c86d70,0x00000000caf80000)
 Metaspace       used 55412K, capacity 58970K, committed 59096K, reserved 1099776K
  class space    used 7739K, capacity 8335K, committed 8448K, reserved 1048576K
Event: 24.885 GC heap after
Heap after GC invocations=16 (full 3):
 PSYoungGen      total 252416K, used 0K [0x00000000ed700000, 0x0000000100000000, 0x0000000100000000)
  eden space 238592K, 0% used [0x00000000ed700000,0x00000000ed700000,0x00000000fc000000)
  from space 13824K, 0% used [0x00000000fc000000,0x00000000fc000000,0x00000000fcd80000)
  to   space 17920K, 0% used [0x00000000fee80000,0x00000000fee80000,0x0000000100000000)
 ParOldGen       total 68608K, used 30649K [0x00000000c8400000, 0x00000000cc700000, 0x00000000ed700000)
  object space 68608K, 44% used [0x00000000c8400000,0x00000000ca1ee470,0x00000000cc700000)
 Metaspace       used 55408K, capacity 58964K, committed 59096K, reserved 1099776K
  class space    used 7738K, capacity 8334K, committed 8448K, reserved 1048576K
}
Event: 76.191 GC heap before
{Heap before GC invocations=17 (full 3):
 PSYoungGen      total 252416K, used 238592K [0x00000000ed700000, 0x0000000100000000, 0x0000000100000000)
  eden space 238592K, 100% used [0x00000000ed700000,0x00000000fc000000,0x00000000fc000000)
  from space 13824K, 0% used [0x00000000fc000000,0x00000000fc000000,0x00000000fcd80000)
  to   space 17920K, 0% used [0x00000000fee80000,0x00000000fee80000,0x0000000100000000)
 ParOldGen       total 68608K, used 30649K [0x00000000c8400000, 0x00000000cc700000, 0x00000000ed700000)
  object space 68608K, 44% used [0x00000000c8400000,0x00000000ca1ee470,0x00000000cc700000)
 Metaspace       used 61758K, capacity 65683K, committed 65880K, reserved 1105920K
  class space    used 8625K, capacity 9281K, committed 9344K, reserved 1048576K
Event: 76.244 GC heap after
Heap after GC invocations=17 (full 3):
 PSYoungGen      total 281088K, used 17146K [0x00000000ed700000, 0x0000000100000000, 0x0000000100000000)
  eden space 263168K, 0% used [0x00000000ed700000,0x00000000ed700000,0x00000000fd800000)
  from space 17920K, 95% used [0x00000000fee80000,0x00000000fff3ebd8,0x0000000100000000)
  to   space 20480K, 0% used [0x00000000fd800000,0x00000000fd800000,0x00000000fec00000)
 ParOldGen       total 68608K, used 30657K [0x00000000c8400000, 0x00000000cc700000, 0x00000000ed700000)
  object space 68608K, 44% used [0x00000000c8400000,0x00000000ca1f0470,0x00000000cc700000)
 Metaspace       used 61758K, capacity 65683K, committed 65880K, reserved 1105920K
  class space    used 8625K, capacity 9281K, committed 9344K, reserved 1048576K
}
Event: 161.629 GC heap before
{Heap before GC invocations=18 (full 3):
 PSYoungGen      total 281088K, used 280314K [0x00000000ed700000, 0x0000000100000000, 0x0000000100000000)
  eden space 263168K, 100% used [0x00000000ed700000,0x00000000fd800000,0x00000000fd800000)
  from space 17920K, 95% used [0x00000000fee80000,0x00000000fff3ebd8,0x0000000100000000)
  to   space 20480K, 0% used [0x00000000fd800000,0x00000000fd800000,0x00000000fec00000)
 ParOldGen       total 68608K, used 30657K [0x00000000c8400000, 0x00000000cc700000, 0x00000000ed700000)
  object space 68608K, 44% used [0x00000000c8400000,0x00000000ca1f0470,0x00000000cc700000)
 Metaspace       used 62409K, capacity 66449K, committed 66776K, reserved 1105920K
  class space    used 8742K, capacity 9396K, committed 9472K, reserved 1048576K
Event: 161.671 GC heap after
Heap after GC invocations=18 (full 3):
 PSYoungGen      total 283648K, used 11977K [0x00000000ed700000, 0x0000000100000000, 0x0000000100000000)
  eden space 263168K, 0% used [0x00000000ed700000,0x00000000ed700000,0x00000000fd800000)
  from space 20480K, 58% used [0x00000000fd800000,0x00000000fe3b2770,0x00000000fec00000)
  to   space 20480K, 0% used [0x00000000fec00000,0x00000000fec00000,0x0000000100000000)
 ParOldGen       total 68608K, used 30673K [0x00000000c8400000, 0x00000000cc700000, 0x00000000ed700000)
  object space 68608K, 44% used [0x00000000c8400000,0x00000000ca1f4470,0x00000000cc700000)
 Metaspace       used 62409K, capacity 66449K, committed 66776K, reserved 1105920K
  class space    used 8742K, capacity 9396K, committed 9472K, reserved 1048576K
}
Event: 256.025 GC heap before
{Heap before GC invocations=19 (full 3):
 PSYoungGen      total 283648K, used 275145K [0x00000000ed700000, 0x0000000100000000, 0x0000000100000000)
  eden space 263168K, 100% used [0x00000000ed700000,0x00000000fd800000,0x00000000fd800000)
  from space 20480K, 58% used [0x00000000fd800000,0x00000000fe3b2770,0x00000000fec00000)
  to   space 20480K, 0% used [0x00000000fec00000,0x00000000fec00000,0x0000000100000000)
 ParOldGen       total 68608K, used 30673K [0x00000000c8400000, 0x00000000cc700000, 0x00000000ed700000)
  object space 68608K, 44% used [0x00000000c8400000,0x00000000ca1f4470,0x00000000cc700000)
 Metaspace       used 62409K, capacity 66449K, committed 66776K, reserved 1105920K
  class space    used 8742K, capacity 9396K, committed 9472K, reserved 1048576K
Event: 256.051 GC heap after
Heap after GC invocations=19 (full 3):
 PSYoungGen      total 282624K, used 12848K [0x00000000ed700000, 0x0000000100000000, 0x0000000100000000)
  eden space 262144K, 0% used [0x00000000ed700000,0x00000000ed700000,0x00000000fd700000)
  from space 20480K, 62% used [0x00000000fec00000,0x00000000ff88c100,0x0000000100000000)
  to   space 20992K, 0% used [0x00000000fd700000,0x00000000fd700000,0x00000000feb80000)
 ParOldGen       total 68608K, used 30681K [0x00000000c8400000, 0x00000000cc700000, 0x00000000ed700000)
  object space 68608K, 44% used [0x00000000c8400000,0x00000000ca1f6470,0x00000000cc700000)
 Metaspace       used 62409K, capacity 66449K, committed 66776K, reserved 1105920K
  class space    used 8742K, capacity 9396K, committed 9472K, reserved 1048576K
}
Event: 333.664 GC heap before
{Heap before GC invocations=20 (full 3):
 PSYoungGen      total 282624K, used 274992K [0x00000000ed700000, 0x0000000100000000, 0x0000000100000000)
  eden space 262144K, 100% used [0x00000000ed700000,0x00000000fd700000,0x00000000fd700000)
  from space 20480K, 62% used [0x00000000fec00000,0x00000000ff88c100,0x0000000100000000)
  to   space 20992K, 0% used [0x00000000fd700000,0x00000000fd700000,0x00000000feb80000)
 ParOldGen       total 68608K, used 30681K [0x00000000c8400000, 0x00000000cc700000, 0x00000000ed700000)
  object space 68608K, 44% used [0x00000000c8400000,0x00000000ca1f6470,0x00000000cc700000)
 Metaspace       used 62409K, capacity 66449K, committed 66776K, reserved 1105920K
  class space    used 8742K, capacity 9396K, committed 9472K, reserved 1048576K
Event: 333.687 GC heap after
Heap after GC invocations=20 (full 3):
 PSYoungGen      total 283136K, used 10736K [0x00000000ed700000, 0x00000000fff80000, 0x0000000100000000)
  eden space 262144K, 0% used [0x00000000ed700000,0x00000000ed700000,0x00000000fd700000)
  from space 20992K, 51% used [0x00000000fd700000,0x00000000fe17c100,0x00000000feb80000)
  to   space 20480K, 0% used [0x00000000feb80000,0x00000000feb80000,0x00000000fff80000)
 ParOldGen       total 68608K, used 30689K [0x00000000c8400000, 0x00000000cc700000, 0x00000000ed700000)
  object space 68608K, 44% used [0x00000000c8400000,0x00000000ca1f8470,0x00000000cc700000)
 Metaspace       used 62409K, capacity 66449K, committed 66776K, reserved 1105920K
  class space    used 8742K, capacity 9396K, committed 9472K, reserved 1048576K
}

