# JRE version: Java(TM) SE Runtime Environment (8.0_291-b10) (build 1.8.0_291-b10)
# Java VM: Java HotSpot(TM) 64-Bit Server VM (25.291-b10 mixed mode windows-amd64 compressed oops)
Heap:
 PSYoungGen      total 225792K, used 220503K [0x00000000ed700000, 0x00000000fcf00000, 0x0000000100000000)
  eden space 214528K, 97% used [0x00000000ed700000,0x00000000fa356ec0,0x00000000fa880000)
  from space 11264K, 99% used [0x00000000fc400000,0x00000000fceff0d0,0x00000000fcf00000)
  to   space 14336K, 99% used [0x00000000fb300000,0x00000000fc0f9670,0x00000000fc100000)
 ParOldGen       total 47104K, used 22957K [0x00000000c8400000, 0x00000000cb200000, 0x00000000ed700000)
  object space 47104K, 48% used [0x00000000c8400000,0x00000000c9a6b588,0x00000000cb200000)
 Metaspace       used 55634K, capacity 58980K, committed 59028K, reserved 1099776K
  class space    used 7801K, capacity 8424K, committed 8448K, reserved 1048576K
GC Heap History (10 events):
Event: 9.472 GC heap after
Heap after GC invocations=10 (full 1):
 PSYoungGen      total 123392K, used 7655K [0x00000000ed700000, 0x00000000f8a80000, 0x0000000100000000)
  eden space 115712K, 0% used [0x00000000ed700000,0x00000000ed700000,0x00000000f4800000)
  from space 7680K, 99% used [0x00000000f4800000,0x00000000f4f79ce0,0x00000000f4f80000)
  to   space 8704K, 0% used [0x00000000f8200000,0x00000000f8200000,0x00000000f8a80000)
 ParOldGen       total 28672K, used 7730K [0x00000000c8400000, 0x00000000ca000000, 0x00000000ed700000)
  object space 28672K, 26% used [0x00000000c8400000,0x00000000c8b8cb90,0x00000000ca000000)
 Metaspace       used 24818K, capacity 25998K, committed 26240K, reserved 1071104K
  class space    used 3376K, capacity 3691K, committed 3712K, reserved 1048576K
}
Event: 12.901 GC heap before
{Heap before GC invocations=11 (full 1):
 PSYoungGen      total 123392K, used 123367K [0x00000000ed700000, 0x00000000f8a80000, 0x0000000100000000)
  eden space 115712K, 100% used [0x00000000ed700000,0x00000000f4800000,0x00000000f4800000)
  from space 7680K, 99% used [0x00000000f4800000,0x00000000f4f79ce0,0x00000000f4f80000)
  to   space 8704K, 0% used [0x00000000f8200000,0x00000000f8200000,0x00000000f8a80000)
 ParOldGen       total 28672K, used 7730K [0x00000000c8400000, 0x00000000ca000000, 0x00000000ed700000)
  object space 28672K, 26% used [0x00000000c8400000,0x00000000c8b8cb90,0x00000000ca000000)
 Metaspace       used 31777K, capacity 33926K, committed 34304K, reserved 1079296K
  class space    used 4377K, capacity 4789K, committed 4864K, reserved 1048576K
Event: 12.933 GC heap after
Heap after GC invocations=11 (full 1):
 PSYoungGen      total 172032K, used 8680K [0x00000000ed700000, 0x00000000f8e00000, 0x0000000100000000)
  eden space 163328K, 0% used [0x00000000ed700000,0x00000000ed700000,0x00000000f7680000)
  from space 8704K, 99% used [0x00000000f8200000,0x00000000f8a7a2e0,0x00000000f8a80000)
  to   space 11776K, 0% used [0x00000000f7680000,0x00000000f7680000,0x00000000f8200000)
 ParOldGen       total 28672K, used 11761K [0x00000000c8400000, 0x00000000ca000000, 0x00000000ed700000)
  object space 28672K, 41% used [0x00000000c8400000,0x00000000c8f7c7e0,0x00000000ca000000)
 Metaspace       used 31777K, capacity 33926K, committed 34304K, reserved 1079296K
  class space    used 4377K, capacity 4789K, committed 4864K, reserved 1048576K
}
Event: 13.744 GC heap before
{Heap before GC invocations=12 (full 1):
 PSYoungGen      total 172032K, used 101359K [0x00000000ed700000, 0x00000000f8e00000, 0x0000000100000000)
  eden space 163328K, 56% used [0x00000000ed700000,0x00000000f3181d00,0x00000000f7680000)
  from space 8704K, 99% used [0x00000000f8200000,0x00000000f8a7a2e0,0x00000000f8a80000)
  to   space 11776K, 0% used [0x00000000f7680000,0x00000000f7680000,0x00000000f8200000)
 ParOldGen       total 28672K, used 11761K [0x00000000c8400000, 0x00000000ca000000, 0x00000000ed700000)
  object space 28672K, 41% used [0x00000000c8400000,0x00000000c8f7c7e0,0x00000000ca000000)
 Metaspace       used 33081K, capacity 35358K, committed 35416K, reserved 1079296K
  class space    used 4528K, capacity 4969K, committed 4992K, reserved 1048576K
Event: 13.771 GC heap after
Heap after GC invocations=12 (full 1):
 PSYoungGen      total 175104K, used 1987K [0x00000000ed700000, 0x00000000fcf00000, 0x0000000100000000)
  eden space 163328K, 0% used [0x00000000ed700000,0x00000000ed700000,0x00000000f7680000)
  from space 11776K, 16% used [0x00000000f7680000,0x00000000f7870d18,0x00000000f8200000)
  to   space 11264K, 0% used [0x00000000fc400000,0x00000000fc400000,0x00000000fcf00000)
 ParOldGen       total 28672K, used 18944K [0x00000000c8400000, 0x00000000ca000000, 0x00000000ed700000)
  object space 28672K, 66% used [0x00000000c8400000,0x00000000c9680018,0x00000000ca000000)
 Metaspace       used 33081K, capacity 35358K, committed 35416K, reserved 1079296K
  class space    used 4528K, capacity 4969K, committed 4992K, reserved 1048576K
}
Event: 13.771 GC heap before
{Heap before GC invocations=13 (full 2):
 PSYoungGen      total 175104K, used 1987K [0x00000000ed700000, 0x00000000fcf00000, 0x0000000100000000)
  eden space 163328K, 0% used [0x00000000ed700000,0x00000000ed700000,0x00000000f7680000)
  from space 11776K, 16% used [0x00000000f7680000,0x00000000f7870d18,0x00000000f8200000)
  to   space 11264K, 0% used [0x00000000fc400000,0x00000000fc400000,0x00000000fcf00000)
 ParOldGen       total 28672K, used 18944K [0x00000000c8400000, 0x00000000ca000000, 0x00000000ed700000)
  object space 28672K, 66% used [0x00000000c8400000,0x00000000c9680018,0x00000000ca000000)
 Metaspace       used 33081K, capacity 35358K, committed 35416K, reserved 1079296K
  class space    used 4528K, capacity 4969K, committed 4992K, reserved 1048576K
Event: 13.954 GC heap after
Heap after GC invocations=13 (full 2):
 PSYoungGen      total 175104K, used 0K [0x00000000ed700000, 0x00000000fcf00000, 0x0000000100000000)
  eden space 163328K, 0% used [0x00000000ed700000,0x00000000ed700000,0x00000000f7680000)
  from space 11776K, 0% used [0x00000000f7680000,0x00000000f7680000,0x00000000f8200000)
  to   space 11264K, 0% used [0x00000000fc400000,0x00000000fc400000,0x00000000fcf00000)
 ParOldGen       total 47104K, used 14546K [0x00000000c8400000, 0x00000000cb200000, 0x00000000ed700000)
  object space 47104K, 30% used [0x00000000c8400000,0x00000000c9234ad0,0x00000000cb200000)
 Metaspace       used 33081K, capacity 35358K, committed 35416K, reserved 1079296K
  class space    used 4528K, capacity 4969K, committed 4992K, reserved 1048576K
}
Event: 19.379 GC heap before
{Heap before GC invocations=14 (full 2):
 PSYoungGen      total 175104K, used 163328K [0x00000000ed700000, 0x00000000fcf00000, 0x0000000100000000)
  eden space 163328K, 100% used [0x00000000ed700000,0x00000000f7680000,0x00000000f7680000)
  from space 11776K, 0% used [0x00000000f7680000,0x00000000f7680000,0x00000000f8200000)
  to   space 11264K, 0% used [0x00000000fc400000,0x00000000fc400000,0x00000000fcf00000)
 ParOldGen       total 47104K, used 14546K [0x00000000c8400000, 0x00000000cb200000, 0x00000000ed700000)
  object space 47104K, 30% used [0x00000000c8400000,0x00000000c9234ad0,0x00000000cb200000)
 Metaspace       used 45281K, capacity 47772K, committed 48000K, reserved 1091584K
  class space    used 6244K, capacity 6730K, committed 6784K, reserved 1048576K
Event: 19.409 GC heap after
Heap after GC invocations=14 (full 2):
 PSYoungGen      total 225792K, used 11260K [0x00000000ed700000, 0x00000000fcf00000, 0x0000000100000000)
  eden space 214528K, 0% used [0x00000000ed700000,0x00000000ed700000,0x00000000fa880000)
  from space 11264K, 99% used [0x00000000fc400000,0x00000000fceff0d0,0x00000000fcf00000)
  to   space 14336K, 0% used [0x00000000fb300000,0x00000000fb300000,0x00000000fc100000)
 ParOldGen       total 47104K, used 17383K [0x00000000c8400000, 0x00000000cb200000, 0x00000000ed700000)
  object space 47104K, 36% used [0x00000000c8400000,0x00000000c94f9d18,0x00000000cb200000)
 Metaspace       used 45281K, capacity 47772K, committed 48000K, reserved 1091584K
  class space    used 6244K, capacity 6730K, committed 6784K, reserved 1048576K
}
Event: 28.353 GC heap before
{Heap before GC invocations=15 (full 2):
 PSYoungGen      total 225792K, used 220503K [0x00000000ed700000, 0x00000000fcf00000, 0x0000000100000000)
  eden space 214528K, 97% used [0x00000000ed700000,0x00000000fa356ec0,0x00000000fa880000)
  from space 11264K, 99% used [0x00000000fc400000,0x00000000fceff0d0,0x00000000fcf00000)
  to   space 14336K, 0% used [0x00000000fb300000,0x00000000fb300000,0x00000000fc100000)
 ParOldGen       total 47104K, used 17383K [0x00000000c8400000, 0x00000000cb200000, 0x00000000ed700000)
  object space 47104K, 36% used [0x00000000c8400000,0x00000000c94f9d18,0x00000000cb200000)
 Metaspace       used 55634K, capacity 58980K, committed 59028K, reserved 1099776K
  class space    used 7801K, capacity 8424K, committed 8448K, reserved 1048576K

