# JRE version: Java(TM) SE Runtime Environment (8.0_291-b10) (build 1.8.0_291-b10)
# Java VM: Java HotSpot(TM) 64-Bit Server VM (25.291-b10 mixed mode windows-amd64 compressed oops)
Heap:
 PSYoungGen      total 243200K, used 13805K [0x00000000ed700000, 0x0000000100000000, 0x0000000100000000)
  eden space 229376K, 0% used [0x00000000ed700000,0x00000000ed700000,0x00000000fb700000)
  from space 13824K, 99% used [0x00000000fb700000,0x00000000fc47b7a0,0x00000000fc480000)
  to   space 18432K, 0% used [0x00000000fee00000,0x00000000fee00000,0x0000000100000000)
 ParOldGen       total 46592K, used 25994K [0x00000000c8400000, 0x00000000cb180000, 0x00000000ed700000)
  object space 46592K, 55% used [0x00000000c8400000,0x00000000c9d62a70,0x00000000cb180000)
 Metaspace       used 55359K, capacity 59020K, committed 59096K, reserved 1099776K
  class space    used 7721K, capacity 8332K, committed 8408K, reserved 1048576K
GC Heap History (10 events):
Event: 12.326 GC heap after
Heap after GC invocations=11 (full 1):
 PSYoungGen      total 176640K, used 9598K [0x00000000ed700000, 0x00000000f9000000, 0x0000000100000000)
  eden space 166912K, 0% used [0x00000000ed700000,0x00000000ed700000,0x00000000f7a00000)
  from space 9728K, 98% used [0x00000000f8680000,0x00000000f8fdfae0,0x00000000f9000000)
  to   space 11264K, 0% used [0x00000000f7a00000,0x00000000f7a00000,0x00000000f8500000)
 ParOldGen       total 29184K, used 9419K [0x00000000c8400000, 0x00000000ca080000, 0x00000000ed700000)
  object space 29184K, 32% used [0x00000000c8400000,0x00000000c8d32ca0,0x00000000ca080000)
 Metaspace       used 29402K, capacity 31524K, committed 31872K, reserved 1077248K
  class space    used 3964K, capacity 4370K, committed 4480K, reserved 1048576K
}
Event: 13.672 GC heap before
{Heap before GC invocations=12 (full 1):
 PSYoungGen      total 176640K, used 73035K [0x00000000ed700000, 0x00000000f9000000, 0x0000000100000000)
  eden space 166912K, 38% used [0x00000000ed700000,0x00000000f14f34e8,0x00000000f7a00000)
  from space 9728K, 98% used [0x00000000f8680000,0x00000000f8fdfae0,0x00000000f9000000)
  to   space 11264K, 0% used [0x00000000f7a00000,0x00000000f7a00000,0x00000000f8500000)
 ParOldGen       total 29184K, used 9419K [0x00000000c8400000, 0x00000000ca080000, 0x00000000ed700000)
  object space 29184K, 32% used [0x00000000c8400000,0x00000000c8d32ca0,0x00000000ca080000)
 Metaspace       used 33045K, capacity 35330K, committed 35456K, reserved 1079296K
  class space    used 4462K, capacity 4915K, committed 4992K, reserved 1048576K
Event: 13.698 GC heap after
Heap after GC invocations=12 (full 1):
 PSYoungGen      total 178176K, used 4247K [0x00000000ed700000, 0x00000000fd200000, 0x0000000100000000)
  eden space 166912K, 0% used [0x00000000ed700000,0x00000000ed700000,0x00000000f7a00000)
  from space 11264K, 37% used [0x00000000f7a00000,0x00000000f7e25f80,0x00000000f8500000)
  to   space 10752K, 0% used [0x00000000fc780000,0x00000000fc780000,0x00000000fd200000)
 ParOldGen       total 29184K, used 16105K [0x00000000c8400000, 0x00000000ca080000, 0x00000000ed700000)
  object space 29184K, 55% used [0x00000000c8400000,0x00000000c93ba560,0x00000000ca080000)
 Metaspace       used 33045K, capacity 35330K, committed 35456K, reserved 1079296K
  class space    used 4462K, capacity 4915K, committed 4992K, reserved 1048576K
}
Event: 13.698 GC heap before
{Heap before GC invocations=13 (full 2):
 PSYoungGen      total 178176K, used 4247K [0x00000000ed700000, 0x00000000fd200000, 0x0000000100000000)
  eden space 166912K, 0% used [0x00000000ed700000,0x00000000ed700000,0x00000000f7a00000)
  from space 11264K, 37% used [0x00000000f7a00000,0x00000000f7e25f80,0x00000000f8500000)
  to   space 10752K, 0% used [0x00000000fc780000,0x00000000fc780000,0x00000000fd200000)
 ParOldGen       total 29184K, used 16105K [0x00000000c8400000, 0x00000000ca080000, 0x00000000ed700000)
  object space 29184K, 55% used [0x00000000c8400000,0x00000000c93ba560,0x00000000ca080000)
 Metaspace       used 33045K, capacity 35330K, committed 35456K, reserved 1079296K
  class space    used 4462K, capacity 4915K, committed 4992K, reserved 1048576K
Event: 13.859 GC heap after
Heap after GC invocations=13 (full 2):
 PSYoungGen      total 178176K, used 0K [0x00000000ed700000, 0x00000000fd200000, 0x0000000100000000)
  eden space 166912K, 0% used [0x00000000ed700000,0x00000000ed700000,0x00000000f7a00000)
  from space 11264K, 0% used [0x00000000f7a00000,0x00000000f7a00000,0x00000000f8500000)
  to   space 10752K, 0% used [0x00000000fc780000,0x00000000fc780000,0x00000000fd200000)
 ParOldGen       total 46592K, used 15827K [0x00000000c8400000, 0x00000000cb180000, 0x00000000ed700000)
  object space 46592K, 33% used [0x00000000c8400000,0x00000000c9374d60,0x00000000cb180000)
 Metaspace       used 33045K, capacity 35330K, committed 35456K, reserved 1079296K
  class space    used 4462K, capacity 4915K, committed 4992K, reserved 1048576K
}
Event: 18.914 GC heap before
{Heap before GC invocations=14 (full 2):
 PSYoungGen      total 178176K, used 166912K [0x00000000ed700000, 0x00000000fd200000, 0x0000000100000000)
  eden space 166912K, 100% used [0x00000000ed700000,0x00000000f7a00000,0x00000000f7a00000)
  from space 11264K, 0% used [0x00000000f7a00000,0x00000000f7a00000,0x00000000f8500000)
  to   space 10752K, 0% used [0x00000000fc780000,0x00000000fc780000,0x00000000fd200000)
 ParOldGen       total 46592K, used 15827K [0x00000000c8400000, 0x00000000cb180000, 0x00000000ed700000)
  object space 46592K, 33% used [0x00000000c8400000,0x00000000c9374d60,0x00000000cb180000)
 Metaspace       used 46402K, capacity 48998K, committed 49280K, reserved 1091584K
  class space    used 6432K, capacity 6923K, committed 7040K, reserved 1048576K
Event: 18.949 GC heap after
Heap after GC invocations=14 (full 2):
 PSYoungGen      total 235008K, used 10721K [0x00000000ed700000, 0x00000000fd200000, 0x0000000100000000)
  eden space 224256K, 0% used [0x00000000ed700000,0x00000000ed700000,0x00000000fb200000)
  from space 10752K, 99% used [0x00000000fc780000,0x00000000fd1f8538,0x00000000fd200000)
  to   space 13824K, 0% used [0x00000000fb700000,0x00000000fb700000,0x00000000fc480000)
 ParOldGen       total 46592K, used 20077K [0x00000000c8400000, 0x00000000cb180000, 0x00000000ed700000)
  object space 46592K, 43% used [0x00000000c8400000,0x00000000c979b720,0x00000000cb180000)
 Metaspace       used 46402K, capacity 48998K, committed 49280K, reserved 1091584K
  class space    used 6432K, capacity 6923K, committed 7040K, reserved 1048576K
}
Event: 28.498 GC heap before
{Heap before GC invocations=15 (full 2):
 PSYoungGen      total 235008K, used 204406K [0x00000000ed700000, 0x00000000fd200000, 0x0000000100000000)
  eden space 224256K, 86% used [0x00000000ed700000,0x00000000f9425500,0x00000000fb200000)
  from space 10752K, 99% used [0x00000000fc780000,0x00000000fd1f8538,0x00000000fd200000)
  to   space 13824K, 0% used [0x00000000fb700000,0x00000000fb700000,0x00000000fc480000)
 ParOldGen       total 46592K, used 20077K [0x00000000c8400000, 0x00000000cb180000, 0x00000000ed700000)
  object space 46592K, 43% used [0x00000000c8400000,0x00000000c979b720,0x00000000cb180000)
 Metaspace       used 55359K, capacity 59020K, committed 59096K, reserved 1099776K
  class space    used 7721K, capacity 8332K, committed 8408K, reserved 1048576K
Event: 28.542 GC heap after
Heap after GC invocations=15 (full 2):
 PSYoungGen      total 243200K, used 13805K [0x00000000ed700000, 0x0000000100000000, 0x0000000100000000)
  eden space 229376K, 0% used [0x00000000ed700000,0x00000000ed700000,0x00000000fb700000)
  from space 13824K, 99% used [0x00000000fb700000,0x00000000fc47b7a0,0x00000000fc480000)
  to   space 18432K, 0% used [0x00000000fee00000,0x00000000fee00000,0x0000000100000000)
 ParOldGen       total 46592K, used 25994K [0x00000000c8400000, 0x00000000cb180000, 0x00000000ed700000)
  object space 46592K, 55% used [0x00000000c8400000,0x00000000c9d62a70,0x00000000cb180000)
 Metaspace       used 55359K, capacity 59020K, committed 59096K, reserved 1099776K
  class space    used 7721K, capacity 8332K, committed 8408K, reserved 1048576K
}
Event: 28.542 GC heap before
{Heap before GC invocations=16 (full 3):
 PSYoungGen      total 243200K, used 13805K [0x00000000ed700000, 0x0000000100000000, 0x0000000100000000)
  eden space 229376K, 0% used [0x00000000ed700000,0x00000000ed700000,0x00000000fb700000)
  from space 13824K, 99% used [0x00000000fb700000,0x00000000fc47b7a0,0x00000000fc480000)
  to   space 18432K, 0% used [0x00000000fee00000,0x00000000fee00000,0x0000000100000000)
 ParOldGen       total 46592K, used 25994K [0x00000000c8400000, 0x00000000cb180000, 0x00000000ed700000)
  object space 46592K, 55% used [0x00000000c8400000,0x00000000c9d62a70,0x00000000cb180000)
 Metaspace       used 55359K, capacity 59020K, committed 59096K, reserved 1099776K
  class space    used 7721K, capacity 8332K, committed 8408K, reserved 1048576K

