# JRE version: Java(TM) SE Runtime Environment (8.0_291-b10) (build 1.8.0_291-b10)
# Java VM: Java HotSpot(TM) 64-Bit Server VM (25.291-b10 mixed mode windows-amd64 compressed oops)
Heap:
 PSYoungGen      total 180224K, used 1848K [0x00000000ed700000, 0x00000000fdc00000, 0x0000000100000000)
  eden space 168960K, 0% used [0x00000000ed700000,0x00000000ed700000,0x00000000f7c00000)
  from space 11264K, 16% used [0x00000000f7c00000,0x00000000f7dce2c0,0x00000000f8700000)
  to   space 11264K, 0% used [0x00000000fd100000,0x00000000fd100000,0x00000000fdc00000)
 ParOldGen       total 27136K, used 19039K [0x00000000c8400000, 0x00000000c9e80000, 0x00000000ed700000)
  object space 27136K, 70% used [0x00000000c8400000,0x00000000c9697da8,0x00000000c9e80000)
 Metaspace       used 33090K, capacity 35286K, committed 35416K, reserved 1079296K
  class space    used 4545K, capacity 4973K, committed 4992K, reserved 1048576K
GC Heap History (10 events):
Event: 7.750 GC heap after
Heap after GC invocations=8 (full 0):
 PSYoungGen      total 123392K, used 4435K [0x00000000ed700000, 0x00000000f5700000, 0x0000000100000000)
  eden space 115712K, 0% used [0x00000000ed700000,0x00000000ed700000,0x00000000f4800000)
  from space 7680K, 57% used [0x00000000f4f80000,0x00000000f53d4fe8,0x00000000f5700000)
  to   space 7680K, 0% used [0x00000000f4800000,0x00000000f4800000,0x00000000f4f80000)
 ParOldGen       total 38400K, used 7452K [0x00000000c8400000, 0x00000000ca980000, 0x00000000ed700000)
  object space 38400K, 19% used [0x00000000c8400000,0x00000000c8b471d0,0x00000000ca980000)
 Metaspace       used 20209K, capacity 21164K, committed 21248K, reserved 1067008K
  class space    used 2754K, capacity 3005K, committed 3072K, reserved 1048576K
}
Event: 7.750 GC heap before
{Heap before GC invocations=9 (full 1):
 PSYoungGen      total 123392K, used 4435K [0x00000000ed700000, 0x00000000f5700000, 0x0000000100000000)
  eden space 115712K, 0% used [0x00000000ed700000,0x00000000ed700000,0x00000000f4800000)
  from space 7680K, 57% used [0x00000000f4f80000,0x00000000f53d4fe8,0x00000000f5700000)
  to   space 7680K, 0% used [0x00000000f4800000,0x00000000f4800000,0x00000000f4f80000)
 ParOldGen       total 38400K, used 7452K [0x00000000c8400000, 0x00000000ca980000, 0x00000000ed700000)
  object space 38400K, 19% used [0x00000000c8400000,0x00000000c8b471d0,0x00000000ca980000)
 Metaspace       used 20209K, capacity 21164K, committed 21248K, reserved 1067008K
  class space    used 2754K, capacity 3005K, committed 3072K, reserved 1048576K
Event: 7.829 GC heap after
Heap after GC invocations=9 (full 1):
 PSYoungGen      total 123392K, used 0K [0x00000000ed700000, 0x00000000f5700000, 0x0000000100000000)
  eden space 115712K, 0% used [0x00000000ed700000,0x00000000ed700000,0x00000000f4800000)
  from space 7680K, 0% used [0x00000000f4f80000,0x00000000f4f80000,0x00000000f5700000)
  to   space 7680K, 0% used [0x00000000f4800000,0x00000000f4800000,0x00000000f4f80000)
 ParOldGen       total 27136K, used 7241K [0x00000000c8400000, 0x00000000c9e80000, 0x00000000ed700000)
  object space 27136K, 26% used [0x00000000c8400000,0x00000000c8b12408,0x00000000c9e80000)
 Metaspace       used 20209K, capacity 21164K, committed 21248K, reserved 1067008K
  class space    used 2754K, capacity 3005K, committed 3072K, reserved 1048576K
}
Event: 9.490 GC heap before
{Heap before GC invocations=10 (full 1):
 PSYoungGen      total 123392K, used 115712K [0x00000000ed700000, 0x00000000f5700000, 0x0000000100000000)
  eden space 115712K, 100% used [0x00000000ed700000,0x00000000f4800000,0x00000000f4800000)
  from space 7680K, 0% used [0x00000000f4f80000,0x00000000f4f80000,0x00000000f5700000)
  to   space 7680K, 0% used [0x00000000f4800000,0x00000000f4800000,0x00000000f4f80000)
 ParOldGen       total 27136K, used 7241K [0x00000000c8400000, 0x00000000c9e80000, 0x00000000ed700000)
  object space 27136K, 26% used [0x00000000c8400000,0x00000000c8b12408,0x00000000c9e80000)
 Metaspace       used 24725K, capacity 26018K, committed 26240K, reserved 1071104K
  class space    used 3352K, capacity 3657K, committed 3712K, reserved 1048576K
Event: 9.505 GC heap after
Heap after GC invocations=10 (full 1):
 PSYoungGen      total 123392K, used 7672K [0x00000000ed700000, 0x00000000f8f80000, 0x0000000100000000)
  eden space 115712K, 0% used [0x00000000ed700000,0x00000000ed700000,0x00000000f4800000)
  from space 7680K, 99% used [0x00000000f4800000,0x00000000f4f7e038,0x00000000f4f80000)
  to   space 8704K, 0% used [0x00000000f8700000,0x00000000f8700000,0x00000000f8f80000)
 ParOldGen       total 27136K, used 7346K [0x00000000c8400000, 0x00000000c9e80000, 0x00000000ed700000)
  object space 27136K, 27% used [0x00000000c8400000,0x00000000c8b2ca20,0x00000000c9e80000)
 Metaspace       used 24725K, capacity 26018K, committed 26240K, reserved 1071104K
  class space    used 3352K, capacity 3657K, committed 3712K, reserved 1048576K
}
Event: 12.873 GC heap before
{Heap before GC invocations=11 (full 1):
 PSYoungGen      total 123392K, used 123384K [0x00000000ed700000, 0x00000000f8f80000, 0x0000000100000000)
  eden space 115712K, 100% used [0x00000000ed700000,0x00000000f4800000,0x00000000f4800000)
  from space 7680K, 99% used [0x00000000f4800000,0x00000000f4f7e038,0x00000000f4f80000)
  to   space 8704K, 0% used [0x00000000f8700000,0x00000000f8700000,0x00000000f8f80000)
 ParOldGen       total 27136K, used 7346K [0x00000000c8400000, 0x00000000c9e80000, 0x00000000ed700000)
  object space 27136K, 27% used [0x00000000c8400000,0x00000000c8b2ca20,0x00000000c9e80000)
 Metaspace       used 31859K, capacity 33972K, committed 34048K, reserved 1079296K
  class space    used 4380K, capacity 4798K, committed 4864K, reserved 1048576K
Event: 12.897 GC heap after
Heap after GC invocations=11 (full 1):
 PSYoungGen      total 177664K, used 8682K [0x00000000ed700000, 0x00000000f9200000, 0x0000000100000000)
  eden space 168960K, 0% used [0x00000000ed700000,0x00000000ed700000,0x00000000f7c00000)
  from space 8704K, 99% used [0x00000000f8700000,0x00000000f8f7a938,0x00000000f8f80000)
  to   space 11264K, 0% used [0x00000000f7c00000,0x00000000f7c00000,0x00000000f8700000)
 ParOldGen       total 27136K, used 11655K [0x00000000c8400000, 0x00000000c9e80000, 0x00000000ed700000)
  object space 27136K, 42% used [0x00000000c8400000,0x00000000c8f61ea0,0x00000000c9e80000)
 Metaspace       used 31859K, capacity 33972K, committed 34048K, reserved 1079296K
  class space    used 4380K, capacity 4798K, committed 4864K, reserved 1048576K
}
Event: 13.694 GC heap before
{Heap before GC invocations=12 (full 1):
 PSYoungGen      total 177664K, used 106959K [0x00000000ed700000, 0x00000000f9200000, 0x0000000100000000)
  eden space 168960K, 58% used [0x00000000ed700000,0x00000000f36f9360,0x00000000f7c00000)
  from space 8704K, 99% used [0x00000000f8700000,0x00000000f8f7a938,0x00000000f8f80000)
  to   space 11264K, 0% used [0x00000000f7c00000,0x00000000f7c00000,0x00000000f8700000)
 ParOldGen       total 27136K, used 11655K [0x00000000c8400000, 0x00000000c9e80000, 0x00000000ed700000)
  object space 27136K, 42% used [0x00000000c8400000,0x00000000c8f61ea0,0x00000000c9e80000)
 Metaspace       used 33090K, capacity 35286K, committed 35416K, reserved 1079296K
  class space    used 4545K, capacity 4973K, committed 4992K, reserved 1048576K
Event: 13.715 GC heap after
Heap after GC invocations=12 (full 1):
 PSYoungGen      total 180224K, used 1848K [0x00000000ed700000, 0x00000000fdc00000, 0x0000000100000000)
  eden space 168960K, 0% used [0x00000000ed700000,0x00000000ed700000,0x00000000f7c00000)
  from space 11264K, 16% used [0x00000000f7c00000,0x00000000f7dce2c0,0x00000000f8700000)
  to   space 11264K, 0% used [0x00000000fd100000,0x00000000fd100000,0x00000000fdc00000)
 ParOldGen       total 27136K, used 19039K [0x00000000c8400000, 0x00000000c9e80000, 0x00000000ed700000)
  object space 27136K, 70% used [0x00000000c8400000,0x00000000c9697da8,0x00000000c9e80000)
 Metaspace       used 33090K, capacity 35286K, committed 35416K, reserved 1079296K
  class space    used 4545K, capacity 4973K, committed 4992K, reserved 1048576K
}
Event: 13.715 GC heap before
{Heap before GC invocations=13 (full 2):
 PSYoungGen      total 180224K, used 1848K [0x00000000ed700000, 0x00000000fdc00000, 0x0000000100000000)
  eden space 168960K, 0% used [0x00000000ed700000,0x00000000ed700000,0x00000000f7c00000)
  from space 11264K, 16% used [0x00000000f7c00000,0x00000000f7dce2c0,0x00000000f8700000)
  to   space 11264K, 0% used [0x00000000fd100000,0x00000000fd100000,0x00000000fdc00000)
 ParOldGen       total 27136K, used 19039K [0x00000000c8400000, 0x00000000c9e80000, 0x00000000ed700000)
  object space 27136K, 70% used [0x00000000c8400000,0x00000000c9697da8,0x00000000c9e80000)
 Metaspace       used 33090K, capacity 35286K, committed 35416K, reserved 1079296K
  class space    used 4545K, capacity 4973K, committed 4992K, reserved 1048576K

