# JRE version: Java(TM) SE Runtime Environment (8.0_291-b10) (build 1.8.0_291-b10)
# Java VM: Java HotSpot(TM) 64-Bit Server VM (25.291-b10 mixed mode windows-amd64 compressed oops)
Heap:
 PSYoungGen      total 217600K, used 217575K [0x00000000ed700000, 0x00000000fd180000, 0x0000000100000000)
  eden space 211968K, 100% used [0x00000000ed700000,0x00000000fa600000,0x00000000fa600000)
  from space 5632K, 99% used [0x00000000fb980000,0x00000000fbef9c80,0x00000000fbf00000)
  to   space 13824K, 35% used [0x00000000fc400000,0x00000000fc8c9c80,0x00000000fd180000)
 ParOldGen       total 68096K, used 44531K [0x00000000c8400000, 0x00000000cc680000, 0x00000000ed700000)
  object space 68096K, 65% used [0x00000000c8400000,0x00000000caf7cce0,0x00000000cc680000)
 Metaspace       used 65670K, capacity 69775K, committed 69888K, reserved 1110016K
  class space    used 9221K, capacity 9947K, committed 9984K, reserved 1048576K
GC Heap History (10 events):
Event: 436.287 GC heap after
Heap after GC invocations=22 (full 3):
 PSYoungGen      total 256000K, used 1977K [0x00000000ed700000, 0x00000000ff100000, 0x0000000100000000)
  eden space 253952K, 0% used [0x00000000ed700000,0x00000000ed700000,0x00000000fcf00000)
  from space 2048K, 96% used [0x00000000fda80000,0x00000000fdc6e4a8,0x00000000fdc80000)
  to   space 17408K, 0% used [0x00000000fe000000,0x00000000fe000000,0x00000000ff100000)
 ParOldGen       total 68096K, used 44515K [0x00000000c8400000, 0x00000000cc680000, 0x00000000ed700000)
  object space 68096K, 65% used [0x00000000c8400000,0x00000000caf78ce0,0x00000000cc680000)
 Metaspace       used 65664K, capacity 69769K, committed 69888K, reserved 1110016K
  class space    used 9220K, capacity 9946K, committed 9984K, reserved 1048576K
}
Event: 520.401 GC heap before
{Heap before GC invocations=23 (full 3):
 PSYoungGen      total 256000K, used 255929K [0x00000000ed700000, 0x00000000ff100000, 0x0000000100000000)
  eden space 253952K, 100% used [0x00000000ed700000,0x00000000fcf00000,0x00000000fcf00000)
  from space 2048K, 96% used [0x00000000fda80000,0x00000000fdc6e4a8,0x00000000fdc80000)
  to   space 17408K, 0% used [0x00000000fe000000,0x00000000fe000000,0x00000000ff100000)
 ParOldGen       total 68096K, used 44515K [0x00000000c8400000, 0x00000000cc680000, 0x00000000ed700000)
  object space 68096K, 65% used [0x00000000c8400000,0x00000000caf78ce0,0x00000000cc680000)
 Metaspace       used 65670K, capacity 69775K, committed 69888K, reserved 1110016K
  class space    used 9221K, capacity 9947K, committed 9984K, reserved 1048576K
Event: 520.469 GC heap after
Heap after GC invocations=23 (full 3):
 PSYoungGen      total 248320K, used 5575K [0x00000000ed700000, 0x00000000fe580000, 0x0000000100000000)
  eden space 242688K, 0% used [0x00000000ed700000,0x00000000ed700000,0x00000000fc400000)
  from space 5632K, 98% used [0x00000000fe000000,0x00000000fe571c80,0x00000000fe580000)
  to   space 16384K, 0% used [0x00000000fc580000,0x00000000fc580000,0x00000000fd580000)
 ParOldGen       total 68096K, used 44523K [0x00000000c8400000, 0x00000000cc680000, 0x00000000ed700000)
  object space 68096K, 65% used [0x00000000c8400000,0x00000000caf7ace0,0x00000000cc680000)
 Metaspace       used 65670K, capacity 69775K, committed 69888K, reserved 1110016K
  class space    used 9221K, capacity 9947K, committed 9984K, reserved 1048576K
}
Event: 604.194 GC heap before
{Heap before GC invocations=24 (full 3):
 PSYoungGen      total 248320K, used 248263K [0x00000000ed700000, 0x00000000fe580000, 0x0000000100000000)
  eden space 242688K, 100% used [0x00000000ed700000,0x00000000fc400000,0x00000000fc400000)
  from space 5632K, 98% used [0x00000000fe000000,0x00000000fe571c80,0x00000000fe580000)
  to   space 16384K, 0% used [0x00000000fc580000,0x00000000fc580000,0x00000000fd580000)
 ParOldGen       total 68096K, used 44523K [0x00000000c8400000, 0x00000000cc680000, 0x00000000ed700000)
  object space 68096K, 65% used [0x00000000c8400000,0x00000000caf7ace0,0x00000000cc680000)
 Metaspace       used 65670K, capacity 69775K, committed 69888K, reserved 1110016K
  class space    used 9221K, capacity 9947K, committed 9984K, reserved 1048576K
Event: 604.209 GC heap after
Heap after GC invocations=24 (full 3):
 PSYoungGen      total 237056K, used 4999K [0x00000000ed700000, 0x00000000fe080000, 0x0000000100000000)
  eden space 231936K, 0% used [0x00000000ed700000,0x00000000ed700000,0x00000000fb980000)
  from space 5120K, 97% used [0x00000000fc580000,0x00000000fca61c80,0x00000000fca80000)
  to   space 15872K, 0% used [0x00000000fd100000,0x00000000fd100000,0x00000000fe080000)
 ParOldGen       total 68096K, used 44523K [0x00000000c8400000, 0x00000000cc680000, 0x00000000ed700000)
  object space 68096K, 65% used [0x00000000c8400000,0x00000000caf7ace0,0x00000000cc680000)
 Metaspace       used 65670K, capacity 69775K, committed 69888K, reserved 1110016K
  class space    used 9221K, capacity 9947K, committed 9984K, reserved 1048576K
}
Event: 664.979 GC heap before
{Heap before GC invocations=25 (full 3):
 PSYoungGen      total 237056K, used 236935K [0x00000000ed700000, 0x00000000fe080000, 0x0000000100000000)
  eden space 231936K, 100% used [0x00000000ed700000,0x00000000fb980000,0x00000000fb980000)
  from space 5120K, 97% used [0x00000000fc580000,0x00000000fca61c80,0x00000000fca80000)
  to   space 15872K, 0% used [0x00000000fd100000,0x00000000fd100000,0x00000000fe080000)
 ParOldGen       total 68096K, used 44523K [0x00000000c8400000, 0x00000000cc680000, 0x00000000ed700000)
  object space 68096K, 65% used [0x00000000c8400000,0x00000000caf7ace0,0x00000000cc680000)
 Metaspace       used 65670K, capacity 69775K, committed 69888K, reserved 1110016K
  class space    used 9221K, capacity 9947K, committed 9984K, reserved 1048576K
Event: 665.012 GC heap after
Heap after GC invocations=25 (full 3):
 PSYoungGen      total 227328K, used 5607K [0x00000000ed700000, 0x00000000fd680000, 0x0000000100000000)
  eden space 221696K, 0% used [0x00000000ed700000,0x00000000ed700000,0x00000000faf80000)
  from space 5632K, 99% used [0x00000000fd100000,0x00000000fd679c80,0x00000000fd680000)
  to   space 14848K, 0% used [0x00000000fb980000,0x00000000fb980000,0x00000000fc800000)
 ParOldGen       total 68096K, used 44531K [0x00000000c8400000, 0x00000000cc680000, 0x00000000ed700000)
  object space 68096K, 65% used [0x00000000c8400000,0x00000000caf7cce0,0x00000000cc680000)
 Metaspace       used 65670K, capacity 69775K, committed 69888K, reserved 1110016K
  class space    used 9221K, capacity 9947K, committed 9984K, reserved 1048576K
}
Event: 730.507 GC heap before
{Heap before GC invocations=26 (full 3):
 PSYoungGen      total 227328K, used 227303K [0x00000000ed700000, 0x00000000fd680000, 0x0000000100000000)
  eden space 221696K, 100% used [0x00000000ed700000,0x00000000faf80000,0x00000000faf80000)
  from space 5632K, 99% used [0x00000000fd100000,0x00000000fd679c80,0x00000000fd680000)
  to   space 14848K, 0% used [0x00000000fb980000,0x00000000fb980000,0x00000000fc800000)
 ParOldGen       total 68096K, used 44531K [0x00000000c8400000, 0x00000000cc680000, 0x00000000ed700000)
  object space 68096K, 65% used [0x00000000c8400000,0x00000000caf7cce0,0x00000000cc680000)
 Metaspace       used 65670K, capacity 69775K, committed 69888K, reserved 1110016K
  class space    used 9221K, capacity 9947K, committed 9984K, reserved 1048576K
Event: 731.391 GC heap after
Heap after GC invocations=26 (full 3):
 PSYoungGen      total 217600K, used 5607K [0x00000000ed700000, 0x00000000fd180000, 0x0000000100000000)
  eden space 211968K, 0% used [0x00000000ed700000,0x00000000ed700000,0x00000000fa600000)
  from space 5632K, 99% used [0x00000000fb980000,0x00000000fbef9c80,0x00000000fbf00000)
  to   space 13824K, 0% used [0x00000000fc400000,0x00000000fc400000,0x00000000fd180000)
 ParOldGen       total 68096K, used 44531K [0x00000000c8400000, 0x00000000cc680000, 0x00000000ed700000)
  object space 68096K, 65% used [0x00000000c8400000,0x00000000caf7cce0,0x00000000cc680000)
 Metaspace       used 65670K, capacity 69775K, committed 69888K, reserved 1110016K
  class space    used 9221K, capacity 9947K, committed 9984K, reserved 1048576K
}
Event: 794.363 GC heap before
{Heap before GC invocations=27 (full 3):
 PSYoungGen      total 217600K, used 217575K [0x00000000ed700000, 0x00000000fd180000, 0x0000000100000000)
  eden space 211968K, 100% used [0x00000000ed700000,0x00000000fa600000,0x00000000fa600000)
  from space 5632K, 99% used [0x00000000fb980000,0x00000000fbef9c80,0x00000000fbf00000)
  to   space 13824K, 0% used [0x00000000fc400000,0x00000000fc400000,0x00000000fd180000)
 ParOldGen       total 68096K, used 44531K [0x00000000c8400000, 0x00000000cc680000, 0x00000000ed700000)
  object space 68096K, 65% used [0x00000000c8400000,0x00000000caf7cce0,0x00000000cc680000)
 Metaspace       used 65670K, capacity 69775K, committed 69888K, reserved 1110016K
  class space    used 9221K, capacity 9947K, committed 9984K, reserved 1048576K

