# JRE version: Java(TM) SE Runtime Environment (8.0_291-b10) (build 1.8.0_291-b10)
# Java VM: Java HotSpot(TM) 64-Bit Server VM (25.291-b10 mixed mode windows-amd64 compressed oops)
Heap:
 PSYoungGen      total 262656K, used 13798K [0x00000000ed700000, 0x0000000100000000, 0x0000000100000000)
  eden space 248832K, 0% used [0x00000000ed700000,0x00000000ed700000,0x00000000fca00000)
  from space 13824K, 99% used [0x00000000fca00000,0x00000000fd779aa8,0x00000000fd780000)
  to   space 18432K, 0% used [0x00000000fee00000,0x00000000fee00000,0x0000000100000000)
 ParOldGen       total 44544K, used 26028K [0x00000000c8400000, 0x00000000caf80000, 0x00000000ed700000)
  object space 44544K, 58% used [0x00000000c8400000,0x00000000c9d6b0d0,0x00000000caf80000)
 Metaspace       used 55396K, capacity 59021K, committed 59096K, reserved 1099776K
  class space    used 7718K, capacity 8333K, committed 8408K, reserved 1048576K
GC Heap History (10 events):
Event: 12.517 GC heap after
Heap after GC invocations=11 (full 1):
 PSYoungGen      total 183808K, used 9633K [0x00000000ed700000, 0x00000000f9680000, 0x0000000100000000)
  eden space 173568K, 0% used [0x00000000ed700000,0x00000000ed700000,0x00000000f8080000)
  from space 10240K, 94% used [0x00000000f8c80000,0x00000000f95e84b8,0x00000000f9680000)
  to   space 11264K, 0% used [0x00000000f8080000,0x00000000f8080000,0x00000000f8b80000)
 ParOldGen       total 27136K, used 8260K [0x00000000c8400000, 0x00000000c9e80000, 0x00000000ed700000)
  object space 27136K, 30% used [0x00000000c8400000,0x00000000c8c11338,0x00000000c9e80000)
 Metaspace       used 29405K, capacity 31528K, committed 31872K, reserved 1077248K
  class space    used 3956K, capacity 4370K, committed 4480K, reserved 1048576K
}
Event: 13.967 GC heap before
{Heap before GC invocations=12 (full 1):
 PSYoungGen      total 183808K, used 77141K [0x00000000ed700000, 0x00000000f9680000, 0x0000000100000000)
  eden space 173568K, 38% used [0x00000000ed700000,0x00000000f18ed228,0x00000000f8080000)
  from space 10240K, 94% used [0x00000000f8c80000,0x00000000f95e84b8,0x00000000f9680000)
  to   space 11264K, 0% used [0x00000000f8080000,0x00000000f8080000,0x00000000f8b80000)
 ParOldGen       total 27136K, used 8260K [0x00000000c8400000, 0x00000000c9e80000, 0x00000000ed700000)
  object space 27136K, 30% used [0x00000000c8400000,0x00000000c8c11338,0x00000000c9e80000)
 Metaspace       used 33052K, capacity 35334K, committed 35456K, reserved 1079296K
  class space    used 4460K, capacity 4915K, committed 4992K, reserved 1048576K
Event: 13.989 GC heap after
Heap after GC invocations=12 (full 1):
 PSYoungGen      total 184832K, used 4216K [0x00000000ed700000, 0x00000000fe500000, 0x0000000100000000)
  eden space 173568K, 0% used [0x00000000ed700000,0x00000000ed700000,0x00000000f8080000)
  from space 11264K, 37% used [0x00000000f8080000,0x00000000f849e158,0x00000000f8b80000)
  to   space 10752K, 0% used [0x00000000fda80000,0x00000000fda80000,0x00000000fe500000)
 ParOldGen       total 27136K, used 14951K [0x00000000c8400000, 0x00000000c9e80000, 0x00000000ed700000)
  object space 27136K, 55% used [0x00000000c8400000,0x00000000c9299f00,0x00000000c9e80000)
 Metaspace       used 33052K, capacity 35334K, committed 35456K, reserved 1079296K
  class space    used 4460K, capacity 4915K, committed 4992K, reserved 1048576K
}
Event: 13.989 GC heap before
{Heap before GC invocations=13 (full 2):
 PSYoungGen      total 184832K, used 4216K [0x00000000ed700000, 0x00000000fe500000, 0x0000000100000000)
  eden space 173568K, 0% used [0x00000000ed700000,0x00000000ed700000,0x00000000f8080000)
  from space 11264K, 37% used [0x00000000f8080000,0x00000000f849e158,0x00000000f8b80000)
  to   space 10752K, 0% used [0x00000000fda80000,0x00000000fda80000,0x00000000fe500000)
 ParOldGen       total 27136K, used 14951K [0x00000000c8400000, 0x00000000c9e80000, 0x00000000ed700000)
  object space 27136K, 55% used [0x00000000c8400000,0x00000000c9299f00,0x00000000c9e80000)
 Metaspace       used 33052K, capacity 35334K, committed 35456K, reserved 1079296K
  class space    used 4460K, capacity 4915K, committed 4992K, reserved 1048576K
Event: 14.156 GC heap after
Heap after GC invocations=13 (full 2):
 PSYoungGen      total 184832K, used 0K [0x00000000ed700000, 0x00000000fe500000, 0x0000000100000000)
  eden space 173568K, 0% used [0x00000000ed700000,0x00000000ed700000,0x00000000f8080000)
  from space 11264K, 0% used [0x00000000f8080000,0x00000000f8080000,0x00000000f8b80000)
  to   space 10752K, 0% used [0x00000000fda80000,0x00000000fda80000,0x00000000fe500000)
 ParOldGen       total 44544K, used 15745K [0x00000000c8400000, 0x00000000caf80000, 0x00000000ed700000)
  object space 44544K, 35% used [0x00000000c8400000,0x00000000c93604e0,0x00000000caf80000)
 Metaspace       used 33052K, capacity 35334K, committed 35456K, reserved 1079296K
  class space    used 4460K, capacity 4915K, committed 4992K, reserved 1048576K
}
Event: 19.171 GC heap before
{Heap before GC invocations=14 (full 2):
 PSYoungGen      total 184832K, used 173568K [0x00000000ed700000, 0x00000000fe500000, 0x0000000100000000)
  eden space 173568K, 100% used [0x00000000ed700000,0x00000000f8080000,0x00000000f8080000)
  from space 11264K, 0% used [0x00000000f8080000,0x00000000f8080000,0x00000000f8b80000)
  to   space 10752K, 0% used [0x00000000fda80000,0x00000000fda80000,0x00000000fe500000)
 ParOldGen       total 44544K, used 15745K [0x00000000c8400000, 0x00000000caf80000, 0x00000000ed700000)
  object space 44544K, 35% used [0x00000000c8400000,0x00000000c93604e0,0x00000000caf80000)
 Metaspace       used 46491K, capacity 49142K, committed 49536K, reserved 1091584K
  class space    used 6438K, capacity 6925K, committed 7040K, reserved 1048576K
Event: 19.209 GC heap after
Heap after GC invocations=14 (full 2):
 PSYoungGen      total 247808K, used 10746K [0x00000000ed700000, 0x00000000fe500000, 0x0000000100000000)
  eden space 237056K, 0% used [0x00000000ed700000,0x00000000ed700000,0x00000000fbe80000)
  from space 10752K, 99% used [0x00000000fda80000,0x00000000fe4fe828,0x00000000fe500000)
  to   space 13824K, 0% used [0x00000000fca00000,0x00000000fca00000,0x00000000fd780000)
 ParOldGen       total 44544K, used 20157K [0x00000000c8400000, 0x00000000caf80000, 0x00000000ed700000)
  object space 44544K, 45% used [0x00000000c8400000,0x00000000c97af690,0x00000000caf80000)
 Metaspace       used 46491K, capacity 49142K, committed 49536K, reserved 1091584K
  class space    used 6438K, capacity 6925K, committed 7040K, reserved 1048576K
}
Event: 23.506 GC heap before
{Heap before GC invocations=15 (full 2):
 PSYoungGen      total 247808K, used 198449K [0x00000000ed700000, 0x00000000fe500000, 0x0000000100000000)
  eden space 237056K, 79% used [0x00000000ed700000,0x00000000f8e4df08,0x00000000fbe80000)
  from space 10752K, 99% used [0x00000000fda80000,0x00000000fe4fe828,0x00000000fe500000)
  to   space 13824K, 0% used [0x00000000fca00000,0x00000000fca00000,0x00000000fd780000)
 ParOldGen       total 44544K, used 20157K [0x00000000c8400000, 0x00000000caf80000, 0x00000000ed700000)
  object space 44544K, 45% used [0x00000000c8400000,0x00000000c97af690,0x00000000caf80000)
 Metaspace       used 55396K, capacity 59021K, committed 59096K, reserved 1099776K
  class space    used 7718K, capacity 8333K, committed 8408K, reserved 1048576K
Event: 23.547 GC heap after
Heap after GC invocations=15 (full 2):
 PSYoungGen      total 262656K, used 13798K [0x00000000ed700000, 0x0000000100000000, 0x0000000100000000)
  eden space 248832K, 0% used [0x00000000ed700000,0x00000000ed700000,0x00000000fca00000)
  from space 13824K, 99% used [0x00000000fca00000,0x00000000fd779aa8,0x00000000fd780000)
  to   space 18432K, 0% used [0x00000000fee00000,0x00000000fee00000,0x0000000100000000)
 ParOldGen       total 44544K, used 26028K [0x00000000c8400000, 0x00000000caf80000, 0x00000000ed700000)
  object space 44544K, 58% used [0x00000000c8400000,0x00000000c9d6b0d0,0x00000000caf80000)
 Metaspace       used 55396K, capacity 59021K, committed 59096K, reserved 1099776K
  class space    used 7718K, capacity 8333K, committed 8408K, reserved 1048576K
}
Event: 23.547 GC heap before
{Heap before GC invocations=16 (full 3):
 PSYoungGen      total 262656K, used 13798K [0x00000000ed700000, 0x0000000100000000, 0x0000000100000000)
  eden space 248832K, 0% used [0x00000000ed700000,0x00000000ed700000,0x00000000fca00000)
  from space 13824K, 99% used [0x00000000fca00000,0x00000000fd779aa8,0x00000000fd780000)
  to   space 18432K, 0% used [0x00000000fee00000,0x00000000fee00000,0x0000000100000000)
 ParOldGen       total 44544K, used 26028K [0x00000000c8400000, 0x00000000caf80000, 0x00000000ed700000)
  object space 44544K, 58% used [0x00000000c8400000,0x00000000c9d6b0d0,0x00000000caf80000)
 Metaspace       used 55396K, capacity 59021K, committed 59096K, reserved 1099776K
  class space    used 7718K, capacity 8333K, committed 8408K, reserved 1048576K

