# JRE version: Java(TM) SE Runtime Environment (8.0_291-b10) (build 1.8.0_291-b10)
# Java VM: Java HotSpot(TM) 64-Bit Server VM (25.291-b10 mixed mode windows-amd64 compressed oops)
Heap:
 PSYoungGen      total 124416K, used 103324K [0x00000000ed700000, 0x00000000f9400000, 0x0000000100000000)
  eden space 116736K, 81% used [0x00000000ed700000,0x00000000f346d0b8,0x00000000f4900000)
  from space 7680K, 99% used [0x00000000f4900000,0x00000000f507a2a0,0x00000000f5080000)
  to   space 8704K, 0% used [0x00000000f8b80000,0x00000000f8b80000,0x00000000f9400000)
 ParOldGen       total 27136K, used 7208K [0x00000000c8400000, 0x00000000c9e80000, 0x00000000ed700000)
  object space 27136K, 26% used [0x00000000c8400000,0x00000000c8b0a348,0x00000000c9e80000)
 Metaspace       used 29664K, capacity 31792K, committed 32000K, reserved 1077248K
  class space    used 4166K, capacity 4596K, committed 4608K, reserved 1048576K
GC Heap History (10 events):
Event: 8.060 GC heap before
{Heap before GC invocations=6 (full 0):
 PSYoungGen      total 31744K, used 31720K [0x00000000ed700000, 0x00000000f1a00000, 0x0000000100000000)
  eden space 29696K, 100% used [0x00000000ed700000,0x00000000ef400000,0x00000000ef400000)
  from space 2048K, 98% used [0x00000000ef400000,0x00000000ef5fa120,0x00000000ef600000)
  to   space 4608K, 0% used [0x00000000f1580000,0x00000000f1580000,0x00000000f1a00000)
 ParOldGen       total 38400K, used 4689K [0x00000000c8400000, 0x00000000ca980000, 0x00000000ed700000)
  object space 38400K, 12% used [0x00000000c8400000,0x00000000c88944d0,0x00000000ca980000)
 Metaspace       used 15288K, capacity 15970K, committed 16000K, reserved 1062912K
  class space    used 1991K, capacity 2158K, committed 2176K, reserved 1048576K
Event: 8.074 GC heap after
Heap after GC invocations=6 (full 0):
 PSYoungGen      total 62976K, used 4605K [0x00000000ed700000, 0x00000000f1c00000, 0x0000000100000000)
  eden space 58368K, 0% used [0x00000000ed700000,0x00000000ed700000,0x00000000f1000000)
  from space 4608K, 99% used [0x00000000f1580000,0x00000000f19ff798,0x00000000f1a00000)
  to   space 5632K, 0% used [0x00000000f1000000,0x00000000f1000000,0x00000000f1580000)
 ParOldGen       total 38400K, used 5400K [0x00000000c8400000, 0x00000000ca980000, 0x00000000ed700000)
  object space 38400K, 14% used [0x00000000c8400000,0x00000000c8946338,0x00000000ca980000)
 Metaspace       used 15288K, capacity 15970K, committed 16000K, reserved 1062912K
  class space    used 1991K, capacity 2158K, committed 2176K, reserved 1048576K
}
Event: 9.053 GC heap before
{Heap before GC invocations=7 (full 0):
 PSYoungGen      total 62976K, used 62973K [0x00000000ed700000, 0x00000000f1c00000, 0x0000000100000000)
  eden space 58368K, 100% used [0x00000000ed700000,0x00000000f1000000,0x00000000f1000000)
  from space 4608K, 99% used [0x00000000f1580000,0x00000000f19ff798,0x00000000f1a00000)
  to   space 5632K, 0% used [0x00000000f1000000,0x00000000f1000000,0x00000000f1580000)
 ParOldGen       total 38400K, used 5400K [0x00000000c8400000, 0x00000000ca980000, 0x00000000ed700000)
  object space 38400K, 14% used [0x00000000c8400000,0x00000000c8946338,0x00000000ca980000)
 Metaspace       used 19350K, capacity 20258K, committed 20608K, reserved 1067008K
  class space    used 2627K, capacity 2864K, committed 2944K, reserved 1048576K
Event: 9.074 GC heap after
Heap after GC invocations=7 (full 0):
 PSYoungGen      total 64000K, used 5626K [0x00000000ed700000, 0x00000000f5800000, 0x0000000100000000)
  eden space 58368K, 0% used [0x00000000ed700000,0x00000000ed700000,0x00000000f1000000)
  from space 5632K, 99% used [0x00000000f1000000,0x00000000f157e980,0x00000000f1580000)
  to   space 7680K, 0% used [0x00000000f5080000,0x00000000f5080000,0x00000000f5800000)
 ParOldGen       total 38400K, used 7514K [0x00000000c8400000, 0x00000000ca980000, 0x00000000ed700000)
  object space 38400K, 19% used [0x00000000c8400000,0x00000000c8b56a10,0x00000000ca980000)
 Metaspace       used 19350K, capacity 20258K, committed 20608K, reserved 1067008K
  class space    used 2627K, capacity 2864K, committed 2944K, reserved 1048576K
}
Event: 9.396 GC heap before
{Heap before GC invocations=8 (full 0):
 PSYoungGen      total 64000K, used 24378K [0x00000000ed700000, 0x00000000f5800000, 0x0000000100000000)
  eden space 58368K, 32% used [0x00000000ed700000,0x00000000ee94fff8,0x00000000f1000000)
  from space 5632K, 99% used [0x00000000f1000000,0x00000000f157e980,0x00000000f1580000)
  to   space 7680K, 0% used [0x00000000f5080000,0x00000000f5080000,0x00000000f5800000)
 ParOldGen       total 38400K, used 7514K [0x00000000c8400000, 0x00000000ca980000, 0x00000000ed700000)
  object space 38400K, 19% used [0x00000000c8400000,0x00000000c8b56a10,0x00000000ca980000)
 Metaspace       used 20225K, capacity 21164K, committed 21248K, reserved 1067008K
  class space    used 2755K, capacity 3007K, committed 3072K, reserved 1048576K
Event: 9.407 GC heap after
Heap after GC invocations=8 (full 0):
 PSYoungGen      total 124416K, used 4189K [0x00000000ed700000, 0x00000000f5800000, 0x0000000100000000)
  eden space 116736K, 0% used [0x00000000ed700000,0x00000000ed700000,0x00000000f4900000)
  from space 7680K, 54% used [0x00000000f5080000,0x00000000f54975d0,0x00000000f5800000)
  to   space 7680K, 0% used [0x00000000f4900000,0x00000000f4900000,0x00000000f5080000)
 ParOldGen       total 38400K, used 7770K [0x00000000c8400000, 0x00000000ca980000, 0x00000000ed700000)
  object space 38400K, 20% used [0x00000000c8400000,0x00000000c8b96a30,0x00000000ca980000)
 Metaspace       used 20225K, capacity 21164K, committed 21248K, reserved 1067008K
  class space    used 2755K, capacity 3007K, committed 3072K, reserved 1048576K
}
Event: 9.407 GC heap before
{Heap before GC invocations=9 (full 1):
 PSYoungGen      total 124416K, used 4189K [0x00000000ed700000, 0x00000000f5800000, 0x0000000100000000)
  eden space 116736K, 0% used [0x00000000ed700000,0x00000000ed700000,0x00000000f4900000)
  from space 7680K, 54% used [0x00000000f5080000,0x00000000f54975d0,0x00000000f5800000)
  to   space 7680K, 0% used [0x00000000f4900000,0x00000000f4900000,0x00000000f5080000)
 ParOldGen       total 38400K, used 7770K [0x00000000c8400000, 0x00000000ca980000, 0x00000000ed700000)
  object space 38400K, 20% used [0x00000000c8400000,0x00000000c8b96a30,0x00000000ca980000)
 Metaspace       used 20225K, capacity 21164K, committed 21248K, reserved 1067008K
  class space    used 2755K, capacity 3007K, committed 3072K, reserved 1048576K
Event: 9.483 GC heap after
Heap after GC invocations=9 (full 1):
 PSYoungGen      total 124416K, used 0K [0x00000000ed700000, 0x00000000f5800000, 0x0000000100000000)
  eden space 116736K, 0% used [0x00000000ed700000,0x00000000ed700000,0x00000000f4900000)
  from space 7680K, 0% used [0x00000000f5080000,0x00000000f5080000,0x00000000f5800000)
  to   space 7680K, 0% used [0x00000000f4900000,0x00000000f4900000,0x00000000f5080000)
 ParOldGen       total 27136K, used 7094K [0x00000000c8400000, 0x00000000c9e80000, 0x00000000ed700000)
  object space 27136K, 26% used [0x00000000c8400000,0x00000000c8aedb40,0x00000000c9e80000)
 Metaspace       used 20225K, capacity 21164K, committed 21248K, reserved 1067008K
  class space    used 2755K, capacity 3007K, committed 3072K, reserved 1048576K
}
Event: 11.330 GC heap before
{Heap before GC invocations=10 (full 1):
 PSYoungGen      total 124416K, used 116736K [0x00000000ed700000, 0x00000000f5800000, 0x0000000100000000)
  eden space 116736K, 100% used [0x00000000ed700000,0x00000000f4900000,0x00000000f4900000)
  from space 7680K, 0% used [0x00000000f5080000,0x00000000f5080000,0x00000000f5800000)
  to   space 7680K, 0% used [0x00000000f4900000,0x00000000f4900000,0x00000000f5080000)
 ParOldGen       total 27136K, used 7094K [0x00000000c8400000, 0x00000000c9e80000, 0x00000000ed700000)
  object space 27136K, 26% used [0x00000000c8400000,0x00000000c8aedb40,0x00000000c9e80000)
 Metaspace       used 24512K, capacity 25758K, committed 25984K, reserved 1071104K
  class space    used 3325K, capacity 3615K, committed 3712K, reserved 1048576K
Event: 11.349 GC heap after
Heap after GC invocations=10 (full 1):
 PSYoungGen      total 124416K, used 7656K [0x00000000ed700000, 0x00000000f9400000, 0x0000000100000000)
  eden space 116736K, 0% used [0x00000000ed700000,0x00000000ed700000,0x00000000f4900000)
  from space 7680K, 99% used [0x00000000f4900000,0x00000000f507a2a0,0x00000000f5080000)
  to   space 8704K, 0% used [0x00000000f8b80000,0x00000000f8b80000,0x00000000f9400000)
 ParOldGen       total 27136K, used 7208K [0x00000000c8400000, 0x00000000c9e80000, 0x00000000ed700000)
  object space 27136K, 26% used [0x00000000c8400000,0x00000000c8b0a348,0x00000000c9e80000)
 Metaspace       used 24512K, capacity 25758K, committed 25984K, reserved 1071104K
  class space    used 3325K, capacity 3615K, committed 3712K, reserved 1048576K
}

